apollo/build/outputs/logs/manifest-merger-debug-report.txt
-- Merging decision tree log ---
manifest
ADDED from src\main\AndroidManifest.xml:24:1-303:12
	package
		ADDED from src\main\AndroidManifest.xml:25:5-32
		INJECTED from src\main\AndroidManifest.xml
		INJECTED from src\main\AndroidManifest.xml
	android:versionName
		ADDED from src\main\AndroidManifest.xml:27:5-32
		INJECTED from src\main\AndroidManifest.xml
		INJECTED from src\main\AndroidManifest.xml
	android:versionCode
		ADDED from src\main\AndroidManifest.xml:26:5-28
		INJECTED from src\main\AndroidManifest.xml
		INJECTED from src\main\AndroidManifest.xml
	xmlns:android
		ADDED from src\main\AndroidManifest.xml:24:11-69
uses-sdk
ADDED from src\main\AndroidManifest.xml:29:5-31:41
MERGED from [com.android.support:appcompat-v7:23.1.1] AndroidManifest.xml:20:5-43
MERGED from [com.android.support:support-v4:23.1.1] AndroidManifest.xml:20:5-43
MERGED from [com.crashlytics.sdk.android:crashlytics:2.5.5] AndroidManifest.xml:7:5-43
MERGED from [com.crashlytics.sdk.android:answers:1.3.6] AndroidManifest.xml:7:5-43
MERGED from [io.fabric.sdk.android:fabric:1.3.10] AndroidManifest.xml:23:5-43
MERGED from [com.crashlytics.sdk.android:crashlytics-core:2.3.8] AndroidManifest.xml:7:5-43
MERGED from [com.crashlytics.sdk.android:answers:1.3.6] AndroidManifest.xml:7:5-43
MERGED from [io.fabric.sdk.android:fabric:1.3.10] AndroidManifest.xml:23:5-43
MERGED from [io.fabric.sdk.android:fabric:1.3.10] AndroidManifest.xml:23:5-43
MERGED from [io.fabric.sdk.android:fabric:1.3.10] AndroidManifest.xml:23:5-43
MERGED from [com.crashlytics.sdk.android:beta:1.1.4] AndroidManifest.xml:7:5-43
	android:targetSdkVersion
		ADDED from src\main\AndroidManifest.xml:31:9-38
		INJECTED from src\main\AndroidManifest.xml
		INJECTED from src\main\AndroidManifest.xml
	android:minSdkVersion
		ADDED from src\main\AndroidManifest.xml:30:9-35
		INJECTED from src\main\AndroidManifest.xml
		INJECTED from src\main\AndroidManifest.xml
uses-permission#android.permission.WRITE_EXTERNAL_STORAGE
ADDED from src\main\AndroidManifest.xml:34:5-81
	android:name
		ADDED from src\main\AndroidManifest.xml:34:22-78
uses-permission#android.permission.ACCESS_NETWORK_STATE
ADDED from src\main\AndroidManifest.xml:36:5-79
	android:name
		ADDED from src\main\AndroidManifest.xml:36:22-76
uses-permission#android.permission.INTERNET
ADDED from src\main\AndroidManifest.xml:38:5-67
MERGED from [com.crashlytics.sdk.android:crashlytics:2.5.5] AndroidManifest.xml:9:5-67
MERGED from [com.crashlytics.sdk.android:answers:1.3.6] AndroidManifest.xml:9:5-67
MERGED from [io.fabric.sdk.android:fabric:1.3.10] AndroidManifest.xml:25:5-67
MERGED from [com.crashlytics.sdk.android:crashlytics-core:2.3.8] AndroidManifest.xml:9:5-67
MERGED from [com.crashlytics.sdk.android:answers:1.3.6] AndroidManifest.xml:9:5-67
MERGED from [io.fabric.sdk.android:fabric:1.3.10] AndroidManifest.xml:25:5-67
MERGED from [io.fabric.sdk.android:fabric:1.3.10] AndroidManifest.xml:25:5-67
MERGED from [io.fabric.sdk.android:fabric:1.3.10] AndroidManifest.xml:25:5-67
MERGED from [com.crashlytics.sdk.android:beta:1.1.4] AndroidManifest.xml:9:5-67
	android:name
		ADDED from src\main\AndroidManifest.xml:38:22-64
uses-permission#android.permission.WAKE_LOCK
ADDED from src\main\AndroidManifest.xml:40:5-68
	android:name
		ADDED from src\main\AndroidManifest.xml:40:22-65
uses-permission#android.permission.BROADCAST_STICKY
ADDED from src\main\AndroidManifest.xml:42:5-75
	android:name
		ADDED from src\main\AndroidManifest.xml:42:22-72
uses-permission#android.permission.READ_PHONE_STATE
ADDED from src\main\AndroidManifest.xml:44:5-75
	android:name
		ADDED from src\main\AndroidManifest.xml:44:22-72
uses-permission#android.permission.WRITE_SETTINGS
ADDED from src\main\AndroidManifest.xml:46:5-73
	android:name
		ADDED from src\main\AndroidManifest.xml:46:22-70
uses-permission#com.android.launcher.permission.INSTALL_SHORTCUT
ADDED from src\main\AndroidManifest.xml:48:5-88
	android:name
		ADDED from src\main\AndroidManifest.xml:48:22-85
uses-permission#android.permission.GET_TASKS
ADDED from src\main\AndroidManifest.xml:50:5-68
	android:name
		ADDED from src\main\AndroidManifest.xml:50:22-65
uses-permission#android.permission.READ_EXTERNAL_STORAGE
ADDED from src\main\AndroidManifest.xml:52:5-80
	android:name
		ADDED from src\main\AndroidManifest.xml:52:22-77
uses-permission#android.permission.MEDIA_CONTENT_CONTROL
ADDED from src\main\AndroidManifest.xml:53:5-80
	android:name
		ADDED from src\main\AndroidManifest.xml:53:22-77
application
ADDED from src\main\AndroidManifest.xml:55:5-301:19
MERGED from [com.android.support:appcompat-v7:23.1.1] AndroidManifest.xml:22:5-20
MERGED from [com.android.support:support-v4:23.1.1] AndroidManifest.xml:22:5-20
MERGED from [com.crashlytics.sdk.android:crashlytics:2.5.5] AndroidManifest.xml:11:5-20
MERGED from [com.crashlytics.sdk.android:answers:1.3.6] AndroidManifest.xml:11:5-20
MERGED from [io.fabric.sdk.android:fabric:1.3.10] AndroidManifest.xml:27:5-20
MERGED from [com.crashlytics.sdk.android:crashlytics-core:2.3.8] AndroidManifest.xml:11:5-20
MERGED from [com.crashlytics.sdk.android:answers:1.3.6] AndroidManifest.xml:11:5-20
MERGED from [io.fabric.sdk.android:fabric:1.3.10] AndroidManifest.xml:27:5-20
MERGED from [io.fabric.sdk.android:fabric:1.3.10] AndroidManifest.xml:27:5-20
MERGED from [io.fabric.sdk.android:fabric:1.3.10] AndroidManifest.xml:27:5-20
MERGED from [com.crashlytics.sdk.android:beta:1.1.4] AndroidManifest.xml:11:5-20
	android:label
		ADDED from src\main\AndroidManifest.xml:61:9-41
	android:hardwareAccelerated
		ADDED from src\main\AndroidManifest.xml:59:9-43
	android:allowTaskReparenting
		ADDED from src\main\AndroidManifest.xml:58:9-44
	android:allowBackup
		ADDED from src\main\AndroidManifest.xml:57:9-35
	android:icon
		ADDED from src\main\AndroidManifest.xml:60:9-45
	android:largeHeap
		ADDED from src\main\AndroidManifest.xml:62:9-33
	android:taskAffinity
		ADDED from src\main\AndroidManifest.xml:63:9-54
	android:name
		ADDED from src\main\AndroidManifest.xml:56:9-59
meta-data#android.app.default_searchable
ADDED from src\main\AndroidManifest.xml:66:9-68:61
	android:value
		ADDED from src\main\AndroidManifest.xml:68:13-58
	android:name
		ADDED from src\main\AndroidManifest.xml:67:13-58
activity#com.andrew.apollo.ui.activities.HomeActivity
ADDED from src\main\AndroidManifest.xml:70:9-81:20
	android:windowSoftInputMode
		ADDED from src\main\AndroidManifest.xml:72:13-52
	android:name
		ADDED from src\main\AndroidManifest.xml:71:13-72
intent-filter#android.intent.action.MAIN+android.intent.action.MUSIC_PLAYER+android.intent.category.APP_MUSIC+android.intent.category.DEFAULT+android.intent.category.LAUNCHER
ADDED from src\main\AndroidManifest.xml:73:13-80:29
action#android.intent.action.MAIN
ADDED from src\main\AndroidManifest.xml:74:17-69
	android:name
		ADDED from src\main\AndroidManifest.xml:74:25-66
action#android.intent.action.MUSIC_PLAYER
ADDED from src\main\AndroidManifest.xml:75:17-77
	android:name
		ADDED from src\main\AndroidManifest.xml:75:25-74
category#android.intent.category.LAUNCHER
ADDED from src\main\AndroidManifest.xml:77:17-77
	android:name
		ADDED from src\main\AndroidManifest.xml:77:27-74
category#android.intent.category.APP_MUSIC
ADDED from src\main\AndroidManifest.xml:78:17-78
	android:name
		ADDED from src\main\AndroidManifest.xml:78:27-75
category#android.intent.category.DEFAULT
ADDED from src\main\AndroidManifest.xml:79:17-76
	android:name
		ADDED from src\main\AndroidManifest.xml:79:27-73
activity#com.andrew.apollo.ui.activities.AudioPlayerActivity
ADDED from src\main\AndroidManifest.xml:83:9-143:20
	android:clearTaskOnLaunch
		ADDED from src\main\AndroidManifest.xml:85:13-45
	android:launchMode
		ADDED from src\main\AndroidManifest.xml:87:13-44
	android:exported
		ADDED from src\main\AndroidManifest.xml:86:13-36
	android:windowSoftInputMode
		ADDED from src\main\AndroidManifest.xml:88:13-52
	android:name
		ADDED from src\main\AndroidManifest.xml:84:13-79
intent-filter#android.intent.action.VIEW+android.intent.category.DEFAULT
ADDED from src\main\AndroidManifest.xml:89:13-99:29
action#android.intent.action.VIEW
ADDED from src\main\AndroidManifest.xml:90:17-69
	android:name
		ADDED from src\main\AndroidManifest.xml:90:25-66
data
ADDED from src\main\AndroidManifest.xml:94:17-50
	android:scheme
		ADDED from src\main\AndroidManifest.xml:94:23-47
intent-filter#android.intent.action.VIEW+android.intent.category.BROWSABLE+android.intent.category.DEFAULT
ADDED from src\main\AndroidManifest.xml:111:13-122:29
category#android.intent.category.BROWSABLE
ADDED from src\main\AndroidManifest.xml:115:17-78
	android:name
		ADDED from src\main\AndroidManifest.xml:115:27-75
intent-filter#android.intent.category.DEFAULT+com.andrew.apollo.AUDIO_PLAYER
ADDED from src\main\AndroidManifest.xml:130:13-134:29
action#com.andrew.apollo.AUDIO_PLAYER
ADDED from src\main\AndroidManifest.xml:131:17-73
	android:name
		ADDED from src\main\AndroidManifest.xml:131:25-70
intent-filter#android.intent.action.PICK+android.intent.category.DEFAULT+android.intent.category.OPENABLE
ADDED from src\main\AndroidManifest.xml:135:13-142:29
action#android.intent.action.PICK
ADDED from src\main\AndroidManifest.xml:136:17-69
	android:name
		ADDED from src\main\AndroidManifest.xml:136:25-66
category#android.intent.category.OPENABLE
ADDED from src\main\AndroidManifest.xml:139:17-77
	android:name
		ADDED from src\main\AndroidManifest.xml:139:27-74
activity#com.andrew.apollo.ui.activities.ProfileActivity
ADDED from src\main\AndroidManifest.xml:146:9-148:49
	android:excludeFromRecents
		ADDED from src\main\AndroidManifest.xml:148:13-46
	android:name
		ADDED from src\main\AndroidManifest.xml:147:13-75
activity#com.andrew.apollo.ui.activities.ShortcutActivity
ADDED from src\main\AndroidManifest.xml:150:9-160:20
	android:excludeFromRecents
		ADDED from src\main\AndroidManifest.xml:152:13-46
	android:exported
		ADDED from src\main\AndroidManifest.xml:153:13-36
	android:theme
		ADDED from src\main\AndroidManifest.xml:154:13-53
	android:name
		ADDED from src\main\AndroidManifest.xml:151:13-76
intent-filter#android.intent.category.DEFAULT+android.media.action.MEDIA_PLAY_FROM_SEARCH
ADDED from src\main\AndroidManifest.xml:155:13-159:29
action#android.media.action.MEDIA_PLAY_FROM_SEARCH
ADDED from src\main\AndroidManifest.xml:156:17-86
	android:name
		ADDED from src\main\AndroidManifest.xml:156:25-83
activity#com.andrew.apollo.ui.activities.SearchActivity
ADDED from src\main\AndroidManifest.xml:162:9-175:20
	android:exported
		ADDED from src\main\AndroidManifest.xml:164:13-36
	android:name
		ADDED from src\main\AndroidManifest.xml:163:13-74
intent-filter#android.intent.action.MEDIA_SEARCH+android.intent.action.SEARCH+android.intent.category.DEFAULT
ADDED from src\main\AndroidManifest.xml:165:13-170:29
action#android.intent.action.SEARCH
ADDED from src\main\AndroidManifest.xml:166:17-71
	android:name
		ADDED from src\main\AndroidManifest.xml:166:25-68
action#android.intent.action.MEDIA_SEARCH
ADDED from src\main\AndroidManifest.xml:167:17-77
	android:name
		ADDED from src\main\AndroidManifest.xml:167:25-74
meta-data#android.app.searchable
ADDED from src\main\AndroidManifest.xml:172:13-174:54
	android:resource
		ADDED from src\main\AndroidManifest.xml:174:17-51
	android:name
		ADDED from src\main\AndroidManifest.xml:173:17-54
activity#com.andrew.apollo.ui.activities.SettingsActivity
ADDED from src\main\AndroidManifest.xml:177:9-180:56
	android:label
		ADDED from src\main\AndroidManifest.xml:179:13-50
	android:theme
		ADDED from src\main\AndroidManifest.xml:180:13-53
	android:name
		ADDED from src\main\AndroidManifest.xml:178:13-76
activity#com.andrew.apollo.ui.activities.ThemesActivity
ADDED from src\main\AndroidManifest.xml:182:9-184:49
	android:excludeFromRecents
		ADDED from src\main\AndroidManifest.xml:184:13-46
	android:name
		ADDED from src\main\AndroidManifest.xml:183:13-74
receiver#com.andrew.apollo.appwidgets.AppWidgetSmall
ADDED from src\main\AndroidManifest.xml:186:9-197:20
	android:label
		ADDED from src\main\AndroidManifest.xml:189:13-53
	android:exported
		ADDED from src\main\AndroidManifest.xml:188:13-36
	android:name
		ADDED from src\main\AndroidManifest.xml:187:13-71
intent-filter#android.appwidget.action.APPWIDGET_UPDATE
ADDED from src\main\AndroidManifest.xml:190:13-192:29
action#android.appwidget.action.APPWIDGET_UPDATE
ADDED from src\main\AndroidManifest.xml:191:17-84
	android:name
		ADDED from src\main\AndroidManifest.xml:191:25-81
meta-data#android.appwidget.provider
ADDED from src\main\AndroidManifest.xml:194:13-196:60
	android:resource
		ADDED from src\main\AndroidManifest.xml:196:17-57
	android:name
		ADDED from src\main\AndroidManifest.xml:195:17-58
receiver#com.andrew.apollo.appwidgets.AppWidgetSmallTransparent
ADDED from src\main\AndroidManifest.xml:199:9-210:20
	android:label
		ADDED from src\main\AndroidManifest.xml:202:13-65
	android:exported
		ADDED from src\main\AndroidManifest.xml:201:13-36
	android:name
		ADDED from src\main\AndroidManifest.xml:200:13-82
receiver#com.andrew.apollo.appwidgets.AppWidgetLarge
ADDED from src\main\AndroidManifest.xml:212:9-223:20
	android:label
		ADDED from src\main\AndroidManifest.xml:215:13-53
	android:exported
		ADDED from src\main\AndroidManifest.xml:214:13-36
	android:name
		ADDED from src\main\AndroidManifest.xml:213:13-71
receiver#com.andrew.apollo.appwidgets.AppWidgetLargeTransparent
ADDED from src\main\AndroidManifest.xml:225:9-236:20
	android:label
		ADDED from src\main\AndroidManifest.xml:228:13-65
	android:exported
		ADDED from src\main\AndroidManifest.xml:227:13-36
	android:name
		ADDED from src\main\AndroidManifest.xml:226:13-82
receiver#com.andrew.apollo.appwidgets.AppWidgetLargeAlternate
ADDED from src\main\AndroidManifest.xml:238:9-249:20
	android:label
		ADDED from src\main\AndroidManifest.xml:241:13-57
	android:exported
		ADDED from src\main\AndroidManifest.xml:240:13-36
	android:name
		ADDED from src\main\AndroidManifest.xml:239:13-80
receiver#com.andrew.apollo.appwidgets.AppWidgetLargeAlternateTransparent
ADDED from src\main\AndroidManifest.xml:251:9-262:20
	android:label
		ADDED from src\main\AndroidManifest.xml:254:13-69
	android:exported
		ADDED from src\main\AndroidManifest.xml:253:13-36
	android:name
		ADDED from src\main\AndroidManifest.xml:252:13-91
receiver#com.andrew.apollo.appwidgets.RecentWidgetProvider
ADDED from src\main\AndroidManifest.xml:264:9-275:20
	android:label
		ADDED from src\main\AndroidManifest.xml:267:13-54
	android:exported
		ADDED from src\main\AndroidManifest.xml:266:13-36
	android:name
		ADDED from src\main\AndroidManifest.xml:265:13-77
service#com.andrew.apollo.appwidgets.RecentWidgetService
ADDED from src\main\AndroidManifest.xml:277:9-279:72
	android:permission
		ADDED from src\main\AndroidManifest.xml:279:13-69
	android:name
		ADDED from src\main\AndroidManifest.xml:278:13-76
receiver#com.andrew.apollo.MediaButtonIntentReceiver
ADDED from src\main\AndroidManifest.xml:281:9-286:20
	android:name
		ADDED from src\main\AndroidManifest.xml:281:19-77
intent-filter#android.intent.action.MEDIA_BUTTON+android.media.AUDIO_BECOMING_NOISY
ADDED from src\main\AndroidManifest.xml:282:13-285:29
action#android.intent.action.MEDIA_BUTTON
ADDED from src\main\AndroidManifest.xml:283:17-77
	android:name
		ADDED from src\main\AndroidManifest.xml:283:25-74
action#android.media.AUDIO_BECOMING_NOISY
ADDED from src\main\AndroidManifest.xml:284:17-77
	android:name
		ADDED from src\main\AndroidManifest.xml:284:25-74
service#com.andrew.apollo.MusicPlaybackService
ADDED from src\main\AndroidManifest.xml:288:9-291:39
	android:process
		ADDED from src\main\AndroidManifest.xml:291:13-36
	android:label
		ADDED from src\main\AndroidManifest.xml:290:13-45
	android:name
		ADDED from src\main\AndroidManifest.xml:289:13-66
meta-data#com.crashlytics.ApiKey
ADDED from src\main\AndroidManifest.xml:293:9-295:72
	android:value
		ADDED from src\main\AndroidManifest.xml:295:13-69
	android:name
		ADDED from src\main\AndroidManifest.xml:294:13-50
activity#com.andrew.apollo.ui.activities.TagsActivity
ADDED from src\main\AndroidManifest.xml:297:9-300:20
	android:label
		ADDED from src\main\AndroidManifest.xml:299:13-56
	android:name
		ADDED from src\main\AndroidManifest.xml:298:13-72